@!@!@STARTMSG 2262:0 @!@!@
TLC2 Version 2.19 of 08 August 2024 (rev: 5a47802)
@!@!@ENDMSG 2262 @!@!@
@!@!@STARTMSG 2187:0 @!@!@
Running breadth-first search Model-Checking with fp 58 and seed 2509155719358048991 with 4 workers on 8 cores with 2428MB heap and 5460MB offheap memory [pid: 23239] (Mac OS X 10.16 x86_64, AdoptOpenJDK 14.0.1 x86_64, OffHeapDiskFPSet, DiskStateQueue).
@!@!@ENDMSG 2187 @!@!@
@!@!@STARTMSG 2220:0 @!@!@
Starting SANY...
@!@!@ENDMSG 2220 @!@!@
Parsing file /Users/cs/src/neon/storage_broker/spec/replicated/replicated.toolbox/Model_1/MC.tla
Parsing file /Users/cs/src/neon/storage_broker/spec/replicated/replicated.toolbox/Model_1/replicated.tla
Parsing file /Applications/TLA+ Toolbox.app/Contents/Eclipse/plugins/org.lamport.tlatools_1.0.0.202408081326/tla2sany/StandardModules/TLC.tla
Parsing file /Applications/TLA+ Toolbox.app/Contents/Eclipse/plugins/org.lamport.tlatools_1.0.0.202408081326/tla2sany/StandardModules/Integers.tla
Parsing file /Applications/TLA+ Toolbox.app/Contents/Eclipse/plugins/org.lamport.tlatools_1.0.0.202408081326/tla2sany/StandardModules/FiniteSets.tla
Parsing file /Applications/TLA+ Toolbox.app/Contents/Eclipse/plugins/org.lamport.tlatools_1.0.0.202408081326/tla2sany/StandardModules/Naturals.tla
Parsing file /Applications/TLA+ Toolbox.app/Contents/Eclipse/plugins/org.lamport.tlatools_1.0.0.202408081326/tla2sany/StandardModules/Sequences.tla
Semantic processing of module Naturals
Semantic processing of module Integers
Semantic processing of module Sequences
Semantic processing of module FiniteSets
Semantic processing of module replicated
Semantic processing of module TLC
Semantic processing of module MC
@!@!@STARTMSG 2219:0 @!@!@
SANY finished.
@!@!@ENDMSG 2219 @!@!@
@!@!@STARTMSG 2185:0 @!@!@
Starting... (2025-01-19 23:03:03)
@!@!@ENDMSG 2185 @!@!@
@!@!@STARTMSG 2279:3 @!@!@
Declaring symmetry during liveness checking is dangerous. It might cause TLC to miss violations of the stated liveness properties. Please check liveness without symmetry defined.
@!@!@ENDMSG 2279 @!@!@
@!@!@STARTMSG 2284:3 @!@!@
Declaring state or action constraints during liveness checking is dangerous: Please read section 14.3.5 on page 247 of Specifying Systems (https://lamport.azurewebsites.net/tla/book.html) and optionally the discussion at https://discuss.tlapl.us/msg00994.html for more details.
@!@!@ENDMSG 2284 @!@!@
@!@!@STARTMSG 2212:0 @!@!@
Implied-temporal checking--satisfiability problem has 1 branches.
@!@!@ENDMSG 2212 @!@!@
@!@!@STARTMSG 2189:0 @!@!@
Computing initial states...
@!@!@ENDMSG 2189 @!@!@
@!@!@STARTMSG 2190:0 @!@!@
Finished computing initial states: 1 distinct state generated at 2025-01-19 23:03:04.
@!@!@ENDMSG 2190 @!@!@
@!@!@STARTMSG 1000:1 @!@!@
TLC threw an unexpected exception.
This was probably caused by an error in the spec or model.
See the User Output or TLC Console for clues to what happened.
The exception was a java.lang.RuntimeException
: Attempted to enumerate UNION(s), but some element of s is nonenumerable.
@!@!@ENDMSG 1000 @!@!@
@!@!@STARTMSG 2121:1 @!@!@
The behavior up to this point is:
@!@!@ENDMSG 2121 @!@!@
@!@!@STARTMSG 2217:4 @!@!@
1: <Initial predicate>
/\ pageserver_state = (p1 :> [sk |-> (s1 :> [commit_lsn |-> 0] @@ s2 :> [commit_lsn |-> 0] @@ s3 :> [commit_lsn |-> 0]), last_record_lsn |-> 0, preferred_sk |-> NULL])
/\ broker_state = (b1 :> [sk |-> (s1 :> [commit_lsn |-> 0, prune_lsn |-> 0] @@ s2 :> [commit_lsn |-> 0, prune_lsn |-> 0] @@ s3 :> [commit_lsn |-> 0, prune_lsn |-> 0])] @@ b2 :> [sk |-> (s1 :> [commit_lsn |-> 0, prune_lsn |-> 0] @@ s2 :> [commit_lsn |-> 0, prune_lsn |-> 0] @@ s3 :> [commit_lsn |-> 0, prune_lsn |-> 0])] @@ b3 :> [sk |-> (s1 :> [commit_lsn |-> 0, prune_lsn |-> 0] @@ s2 :> [commit_lsn |-> 0, prune_lsn |-> 0] @@ s3 :> [commit_lsn |-> 0, prune_lsn |-> 0])])
/\ online = {b1, b2, b3, s1, s2, s3, p1}
/\ safekeeper_state = (s1 :> [commit_lsn |-> 0, prune_lsn |-> 0, rx |-> (b1 :> NULL @@ b2 :> NULL @@ b3 :> NULL)] @@ s2 :> [commit_lsn |-> 0, prune_lsn |-> 0, rx |-> (b1 :> NULL @@ b2 :> NULL @@ b3 :> NULL)] @@ s3 :> [commit_lsn |-> 0, prune_lsn |-> 0, rx |-> (b1 :> NULL @@ b2 :> NULL @@ b3 :> NULL)])

@!@!@ENDMSG 2217 @!@!@
@!@!@STARTMSG 2217:4 @!@!@
2: <NodeOnlineOffline line 52, col 5 to line 56, col 67 of module replicated>
/\ pageserver_state = (p1 :> [sk |-> (s1 :> [commit_lsn |-> 0] @@ s2 :> [commit_lsn |-> 0] @@ s3 :> [commit_lsn |-> 0]), last_record_lsn |-> 0, preferred_sk |-> NULL])
/\ broker_state = (b1 :> [sk |-> (s1 :> [commit_lsn |-> 0, prune_lsn |-> 0] @@ s2 :> [commit_lsn |-> 0, prune_lsn |-> 0] @@ s3 :> [commit_lsn |-> 0, prune_lsn |-> 0])] @@ b2 :> [sk |-> (s1 :> [commit_lsn |-> 0, prune_lsn |-> 0] @@ s2 :> [commit_lsn |-> 0, prune_lsn |-> 0] @@ s3 :> [commit_lsn |-> 0, prune_lsn |-> 0])] @@ b3 :> [sk |-> (s1 :> [commit_lsn |-> 0, prune_lsn |-> 0] @@ s2 :> [commit_lsn |-> 0, prune_lsn |-> 0] @@ s3 :> [commit_lsn |-> 0, prune_lsn |-> 0])])
/\ online = {b1, b2, s1, s2, p1}
/\ safekeeper_state = (s1 :> [commit_lsn |-> 0, prune_lsn |-> 0, rx |-> (b1 :> NULL @@ b2 :> NULL @@ b3 :> NULL)] @@ s2 :> [commit_lsn |-> 0, prune_lsn |-> 0, rx |-> (b1 :> NULL @@ b2 :> NULL @@ b3 :> NULL)] @@ s3 :> [commit_lsn |-> 0, prune_lsn |-> 0, rx |-> (b1 :> NULL @@ b2 :> NULL @@ b3 :> NULL)])

@!@!@ENDMSG 2217 @!@!@
@!@!@STARTMSG 2217:4 @!@!@
3: <SkCommit line 59, col 5 to line 68, col 58 of module replicated>
/\ pageserver_state = (p1 :> [sk |-> (s1 :> [commit_lsn |-> 0] @@ s2 :> [commit_lsn |-> 0] @@ s3 :> [commit_lsn |-> 0]), last_record_lsn |-> 0, preferred_sk |-> NULL])
/\ broker_state = (b1 :> [sk |-> (s1 :> [commit_lsn |-> 0, prune_lsn |-> 0] @@ s2 :> [commit_lsn |-> 0, prune_lsn |-> 0] @@ s3 :> [commit_lsn |-> 0, prune_lsn |-> 0])] @@ b2 :> [sk |-> (s1 :> [commit_lsn |-> 0, prune_lsn |-> 0] @@ s2 :> [commit_lsn |-> 0, prune_lsn |-> 0] @@ s3 :> [commit_lsn |-> 0, prune_lsn |-> 0])] @@ b3 :> [sk |-> (s1 :> [commit_lsn |-> 0, prune_lsn |-> 0] @@ s2 :> [commit_lsn |-> 0, prune_lsn |-> 0] @@ s3 :> [commit_lsn |-> 0, prune_lsn |-> 0])])
/\ online = {b1, b2, s1, s2, p1}
/\ safekeeper_state = (s1 :> [commit_lsn |-> 1, prune_lsn |-> 0, rx |-> (b1 :> NULL @@ b2 :> NULL @@ b3 :> NULL)] @@ s2 :> [commit_lsn |-> 1, prune_lsn |-> 0, rx |-> (b1 :> NULL @@ b2 :> NULL @@ b3 :> NULL)] @@ s3 :> [commit_lsn |-> 0, prune_lsn |-> 0, rx |-> (b1 :> NULL @@ b2 :> NULL @@ b3 :> NULL)])

@!@!@ENDMSG 2217 @!@!@
@!@!@STARTMSG 2217:4 @!@!@
4: <SkRecvBroker line 103, col 5 to line 105, col 57 of module replicated>
/\ pageserver_state = (p1 :> [sk |-> (s1 :> [commit_lsn |-> 0] @@ s2 :> [commit_lsn |-> 0] @@ s3 :> [commit_lsn |-> 0]), last_record_lsn |-> 0, preferred_sk |-> NULL])
/\ broker_state = (b1 :> [sk |-> (s1 :> [commit_lsn |-> 0, prune_lsn |-> 0] @@ s2 :> [commit_lsn |-> 0, prune_lsn |-> 0] @@ s3 :> [commit_lsn |-> 0, prune_lsn |-> 0])] @@ b2 :> [sk |-> (s1 :> [commit_lsn |-> 0, prune_lsn |-> 0] @@ s2 :> [commit_lsn |-> 0, prune_lsn |-> 0] @@ s3 :> [commit_lsn |-> 0, prune_lsn |-> 0])] @@ b3 :> [sk |-> (s1 :> [commit_lsn |-> 0, prune_lsn |-> 0] @@ s2 :> [commit_lsn |-> 0, prune_lsn |-> 0] @@ s3 :> [commit_lsn |-> 0, prune_lsn |-> 0])])
/\ online = {b1, b2, s1, s2, p1}
/\ safekeeper_state = (s1 :> [commit_lsn |-> 1, prune_lsn |-> 0, rx |-> (b1 :> [sk |-> (s1 :> [commit_lsn |-> 0, prune_lsn |-> 0] @@ s2 :> [commit_lsn |-> 0, prune_lsn |-> 0] @@ s3 :> [commit_lsn |-> 0, prune_lsn |-> 0])] @@ b2 :> NULL @@ b3 :> NULL)] @@ s2 :> [commit_lsn |-> 1, prune_lsn |-> 0, rx |-> (b1 :> NULL @@ b2 :> NULL @@ b3 :> NULL)] @@ s3 :> [commit_lsn |-> 0, prune_lsn |-> 0, rx |-> (b1 :> NULL @@ b2 :> NULL @@ b3 :> NULL)])

@!@!@ENDMSG 2217 @!@!@
@!@!@STARTMSG 2147:1 @!@!@
TLC was unable to fingerprint.

Fingerprint Stack Trace:
2) line 111, col 29 to line 111, col 74 of module replicated
1) line 114, col 17 to line 116, col 32 of module replicated
0) line 113, col 13 to line 119, col 18 of module replicated

Reason:
Attempted to enumerate UNION(s), but some element of s is nonenumerable.
@!@!@ENDMSG 2147 @!@!@
@!@!@STARTMSG 2201:0 @!@!@
The coverage statistics at 2025-01-19 23:03:04
@!@!@ENDMSG 2201 @!@!@
@!@!@STARTMSG 2773:0 @!@!@
<Init line 45, col 1 to line 45, col 4 of module replicated>: 2:2
@!@!@ENDMSG 2773 @!@!@
@!@!@STARTMSG 2221:0 @!@!@
  line 46, col 5 to line 49, col 26 of module replicated: 2
@!@!@ENDMSG 2221 @!@!@
@!@!@STARTMSG 2772:0 @!@!@
<NodeOnlineOffline line 51, col 1 to line 51, col 17 of module replicated>: 1:15
@!@!@ENDMSG 2772 @!@!@
@!@!@STARTMSG 2221:0 @!@!@
  line 52, col 8 to line 55, col 44 of module replicated: 15
@!@!@ENDMSG 2221 @!@!@
@!@!@STARTMSG 2221:0 @!@!@
  |line 52, col 18 to line 55, col 44 of module replicated: 15
@!@!@ENDMSG 2221 @!@!@
@!@!@STARTMSG 2221:0 @!@!@
  ||line 53, col 9 to line 55, col 44 of module replicated: 1605
@!@!@ENDMSG 2221 @!@!@
@!@!@STARTMSG 2221:0 @!@!@
  |||line 53, col 12 to line 53, col 48 of module replicated: 1605
@!@!@ENDMSG 2221 @!@!@
@!@!@STARTMSG 2221:0 @!@!@
  |||line 54, col 12 to line 54, col 44 of module replicated: 645
@!@!@ENDMSG 2221 @!@!@
@!@!@STARTMSG 2221:0 @!@!@
  |||line 55, col 12 to line 55, col 44 of module replicated: 210
@!@!@ENDMSG 2221 @!@!@
@!@!@STARTMSG 2221:0 @!@!@
  ||line 52, col 32 to line 52, col 48 of module replicated: 15
@!@!@ENDMSG 2221 @!@!@
@!@!@STARTMSG 2221:0 @!@!@
  line 56, col 8 to line 56, col 67 of module replicated: 15
@!@!@ENDMSG 2221 @!@!@
@!@!@STARTMSG 2772:0 @!@!@
<SkCommit line 58, col 1 to line 58, col 16 of module replicated>: 6:31
@!@!@ENDMSG 2772 @!@!@
@!@!@STARTMSG 2221:0 @!@!@
  line 59, col 8 to line 59, col 32 of module replicated: 150
@!@!@ENDMSG 2221 @!@!@
@!@!@STARTMSG 2775:0 @!@!@
  |line 59, col 8 to line 59, col 15 of module replicated: 119:277
@!@!@ENDMSG 2775 @!@!@
@!@!@STARTMSG 2221:0 @!@!@
  |line 59, col 27 to line 59, col 32 of module replicated: 119
@!@!@ENDMSG 2221 @!@!@
@!@!@STARTMSG 2221:0 @!@!@
  line 60, col 8 to line 60, col 14 of module replicated: 110
@!@!@ENDMSG 2221 @!@!@
@!@!@STARTMSG 2221:0 @!@!@
  |line 60, col 8 to line 60, col 9 of module replicated: 79
@!@!@ENDMSG 2221 @!@!@
@!@!@STARTMSG 2221:0 @!@!@
  |line 60, col 13 to line 60, col 14 of module replicated: 79
@!@!@ENDMSG 2221 @!@!@
@!@!@STARTMSG 2221:0 @!@!@
  line 61, col 8 to line 61, col 72 of module replicated: 78
@!@!@ENDMSG 2221 @!@!@
@!@!@STARTMSG 2221:0 @!@!@
  |line 61, col 8 to line 61, col 38 of module replicated: 47
@!@!@ENDMSG 2221 @!@!@
@!@!@STARTMSG 2221:0 @!@!@
  |line 61, col 42 to line 61, col 72 of module replicated: 47
@!@!@ENDMSG 2221 @!@!@
@!@!@STARTMSG 2221:0 @!@!@
  line 65, col 13 to line 67, col 50 of module replicated: 31
@!@!@ENDMSG 2221 @!@!@
@!@!@STARTMSG 2221:0 @!@!@
  line 68, col 8 to line 68, col 58 of module replicated: 31
@!@!@ENDMSG 2221 @!@!@
@!@!@STARTMSG 2772:0 @!@!@
<SkPeerRecovery line 70, col 1 to line 70, col 21 of module replicated>: 0:0
@!@!@ENDMSG 2772 @!@!@
@!@!@STARTMSG 2221:0 @!@!@
  line 71, col 8 to line 71, col 32 of module replicated: 118
@!@!@ENDMSG 2221 @!@!@
@!@!@STARTMSG 2221:0 @!@!@
  line 72, col 8 to line 72, col 72 of module replicated: 78
@!@!@ENDMSG 2221 @!@!@
@!@!@STARTMSG 2221:0 @!@!@
  line 73, col 8 to line 73, col 71 of module replicated: 8
@!@!@ENDMSG 2221 @!@!@
@!@!@STARTMSG 2221:0 @!@!@
  line 74, col 8 to line 74, col 102 of module replicated: 0
@!@!@ENDMSG 2221 @!@!@
@!@!@STARTMSG 2221:0 @!@!@
  line 75, col 8 to line 75, col 58 of module replicated: 0
@!@!@ENDMSG 2221 @!@!@
@!@!@STARTMSG 2772:0 @!@!@
<SkPushToBroker line 77, col 1 to line 77, col 19 of module replicated>: 16:74
@!@!@ENDMSG 2772 @!@!@
@!@!@STARTMSG 2221:0 @!@!@
  line 78, col 8 to line 78, col 30 of module replicated: 183
@!@!@ENDMSG 2221 @!@!@
@!@!@STARTMSG 2775:0 @!@!@
  |line 78, col 8 to line 78, col 13 of module replicated: 109:271
@!@!@ENDMSG 2775 @!@!@
@!@!@STARTMSG 2221:0 @!@!@
  |line 78, col 25 to line 78, col 30 of module replicated: 109
@!@!@ENDMSG 2221 @!@!@
@!@!@STARTMSG 2221:0 @!@!@
  line 79, col 8 to line 86, col 52 of module replicated: 74
@!@!@ENDMSG 2221 @!@!@
@!@!@STARTMSG 2221:0 @!@!@
  line 87, col 8 to line 87, col 62 of module replicated: 74
@!@!@ENDMSG 2221 @!@!@
@!@!@STARTMSG 2772:0 @!@!@
<PsRecvBroker line 89, col 1 to line 89, col 19 of module replicated>: 2:52
@!@!@ENDMSG 2772 @!@!@
@!@!@STARTMSG 2221:0 @!@!@
  line 90, col 8 to line 90, col 31 of module replicated: 124
@!@!@ENDMSG 2221 @!@!@
@!@!@STARTMSG 2775:0 @!@!@
  |line 90, col 8 to line 90, col 14 of module replicated: 72:236
@!@!@ENDMSG 2775 @!@!@
@!@!@STARTMSG 2221:0 @!@!@
  |line 90, col 26 to line 90, col 31 of module replicated: 72
@!@!@ENDMSG 2221 @!@!@
@!@!@STARTMSG 2221:0 @!@!@
  line 96, col 13 to line 98, col 37 of module replicated: 52
@!@!@ENDMSG 2221 @!@!@
@!@!@STARTMSG 2221:0 @!@!@
  |line 96, col 33 to line 98, col 37 of module replicated: 52
@!@!@ENDMSG 2221 @!@!@
@!@!@STARTMSG 2221:0 @!@!@
  ||line 96, col 36 to line 96, col 66 of module replicated: 52
@!@!@ENDMSG 2221 @!@!@
@!@!@STARTMSG 2221:0 @!@!@
  ||line 97, col 22 to line 97, col 66 of module replicated: 2
@!@!@ENDMSG 2221 @!@!@
@!@!@STARTMSG 2221:0 @!@!@
  ||line 98, col 22 to line 98, col 37 of module replicated: 50
@!@!@ENDMSG 2221 @!@!@
@!@!@STARTMSG 2221:0 @!@!@
  line 99, col 8 to line 99, col 58 of module replicated: 52
@!@!@ENDMSG 2221 @!@!@
@!@!@STARTMSG 2772:0 @!@!@
<SkRecvBroker line 102, col 1 to line 102, col 17 of module replicated>: 27:74
@!@!@ENDMSG 2772 @!@!@
@!@!@STARTMSG 2221:0 @!@!@
  line 103, col 8 to line 103, col 29 of module replicated: 183
@!@!@ENDMSG 2221 @!@!@
@!@!@STARTMSG 2775:0 @!@!@
  |line 103, col 8 to line 103, col 12 of module replicated: 109:271
@!@!@ENDMSG 2775 @!@!@
@!@!@STARTMSG 2221:0 @!@!@
  |line 103, col 24 to line 103, col 29 of module replicated: 109
@!@!@ENDMSG 2221 @!@!@
@!@!@STARTMSG 2221:0 @!@!@
  line 104, col 8 to line 104, col 81 of module replicated: 74
@!@!@ENDMSG 2221 @!@!@
@!@!@STARTMSG 2221:0 @!@!@
  line 105, col 8 to line 105, col 57 of module replicated: 74
@!@!@ENDMSG 2221 @!@!@
@!@!@STARTMSG 2772:0 @!@!@
<SkPrune line 107, col 1 to line 107, col 10 of module replicated>: 8:20
@!@!@ENDMSG 2772 @!@!@
@!@!@STARTMSG 2221:0 @!@!@
  line 108, col 8 to line 108, col 27 of module replicated: 48
@!@!@ENDMSG 2221 @!@!@
@!@!@STARTMSG 2775:0 @!@!@
  |line 108, col 8 to line 108, col 10 of module replicated: 28:52
@!@!@ENDMSG 2775 @!@!@
@!@!@STARTMSG 2221:0 @!@!@
  |line 108, col 22 to line 108, col 27 of module replicated: 28
@!@!@ENDMSG 2221 @!@!@
@!@!@STARTMSG 2221:0 @!@!@
  line 123, col 9 to line 123, col 80 of module replicated: 20
@!@!@ENDMSG 2221 @!@!@
@!@!@STARTMSG 2221:0 @!@!@
  |line 123, col 29 to line 123, col 80 of module replicated: 24
@!@!@ENDMSG 2221 @!@!@
@!@!@STARTMSG 2221:0 @!@!@
  ||line 123, col 30 to line 123, col 45 of module replicated: 24
@!@!@ENDMSG 2221 @!@!@
@!@!@STARTMSG 2221:0 @!@!@
  ||line 123, col 54 to line 123, col 79 of module replicated: 24
@!@!@ENDMSG 2221 @!@!@
@!@!@STARTMSG 2221:0 @!@!@
  ||line 123, col 71 to line 123, col 79 of module replicated: 24
@!@!@ENDMSG 2221 @!@!@
@!@!@STARTMSG 2221:0 @!@!@
  |||line 121, col 22 to line 121, col 42 of module replicated: 24
@!@!@ENDMSG 2221 @!@!@
@!@!@STARTMSG 2221:0 @!@!@
  ||||line 27, col 3 to line 27, col 36 of module replicated: 24
@!@!@ENDMSG 2221 @!@!@
@!@!@STARTMSG 2221:0 @!@!@
  |||||line 27, col 19 to line 27, col 36 of module replicated: 20
@!@!@ENDMSG 2221 @!@!@
@!@!@STARTMSG 2221:0 @!@!@
  |||||line 27, col 16 to line 27, col 16 of module replicated: 24
@!@!@ENDMSG 2221 @!@!@
@!@!@STARTMSG 2221:0 @!@!@
  ||||line 121, col 31 to line 121, col 41 of module replicated: 24
@!@!@ENDMSG 2221 @!@!@
@!@!@STARTMSG 2775:0 @!@!@
  |||||line 120, col 24 to line 120, col 49 of module replicated: 24:60
@!@!@ENDMSG 2775 @!@!@
@!@!@STARTMSG 2221:0 @!@!@
  ||||||line 120, col 25 to line 120, col 36 of module replicated: 20
@!@!@ENDMSG 2221 @!@!@
@!@!@STARTMSG 2221:0 @!@!@
  ||||||line 120, col 45 to line 120, col 48 of module replicated: 24
@!@!@ENDMSG 2221 @!@!@
@!@!@STARTMSG 2221:0 @!@!@
  |||||||line 113, col 13 to line 119, col 18 of module replicated: 24
@!@!@ENDMSG 2221 @!@!@
@!@!@STARTMSG 2221:0 @!@!@
  ||||||||line 114, col 17 to line 116, col 32 of module replicated: 24
@!@!@ENDMSG 2221 @!@!@
@!@!@STARTMSG 2221:0 @!@!@
  |||||||||line 114, col 17 to line 114, col 37 of module replicated: 24
@!@!@ENDMSG 2221 @!@!@
@!@!@STARTMSG 2221:0 @!@!@
  |||||||||line 116, col 17 to line 116, col 32 of module replicated: 24
@!@!@ENDMSG 2221 @!@!@
@!@!@STARTMSG 2221:0 @!@!@
  ||||||||||line 111, col 29 to line 111, col 74 of module replicated: 24
@!@!@ENDMSG 2221 @!@!@
@!@!@STARTMSG 2775:0 @!@!@
  |||||||||||line 111, col 35 to line 111, col 74 of module replicated: 24:24
@!@!@ENDMSG 2775 @!@!@
@!@!@STARTMSG 2221:0 @!@!@
  ||||||||||||line 111, col 36 to line 111, col 40 of module replicated: 4
@!@!@ENDMSG 2221 @!@!@
@!@!@STARTMSG 2221:0 @!@!@
  ||||||||||||line 111, col 51 to line 111, col 71 of module replicated: 24
@!@!@ENDMSG 2221 @!@!@
@!@!@STARTMSG 2221:0 @!@!@
  |||||||||||||line 111, col 51 to line 111, col 62 of module replicated: 24
@!@!@ENDMSG 2221 @!@!@
@!@!@STARTMSG 2775:0 @!@!@
  ||||||||||||||line 110, col 25 to line 110, col 90 of module replicated: 24:28
@!@!@ENDMSG 2775 @!@!@
@!@!@STARTMSG 2221:0 @!@!@
  |||||||||||||||line 110, col 26 to line 110, col 50 of module replicated: 72
@!@!@ENDMSG 2221 @!@!@
@!@!@STARTMSG 2221:0 @!@!@
  |||||||||||||||line 110, col 60 to line 110, col 88 of module replicated: 24
@!@!@ENDMSG 2221 @!@!@
@!@!@STARTMSG 2221:0 @!@!@
  |||||||||||||line 111, col 66 to line 111, col 71 of module replicated: 24
@!@!@ENDMSG 2221 @!@!@
@!@!@STARTMSG 2221:0 @!@!@
  ||||||||line 119, col 13 to line 119, col 18 of module replicated: 24
@!@!@ENDMSG 2221 @!@!@
@!@!@STARTMSG 2221:0 @!@!@
  line 124, col 8 to line 124, col 57 of module replicated: 20
@!@!@ENDMSG 2221 @!@!@
@!@!@STARTMSG 2772:0 @!@!@
<PsChooseSk line 133, col 1 to line 133, col 13 of module replicated>: 0:0
@!@!@ENDMSG 2772 @!@!@
@!@!@STARTMSG 2221:0 @!@!@
  line 134, col 8 to line 134, col 27 of module replicated: 8
@!@!@ENDMSG 2221 @!@!@
@!@!@STARTMSG 2221:0 @!@!@
  line 135, col 8 to line 135, col 30 of module replicated: 8
@!@!@ENDMSG 2221 @!@!@
@!@!@STARTMSG 2221:0 @!@!@
  |line 135, col 8 to line 135, col 25 of module replicated: 8
@!@!@ENDMSG 2221 @!@!@
@!@!@STARTMSG 2221:0 @!@!@
  ||line 129, col 15 to line 129, col 33 of module replicated: 8
@!@!@ENDMSG 2221 @!@!@
@!@!@STARTMSG 2221:0 @!@!@
  ||line 131, col 5 to line 131, col 66 of module replicated: 8
@!@!@ENDMSG 2221 @!@!@
@!@!@STARTMSG 2221:0 @!@!@
  |||line 131, col 26 to line 131, col 65 of module replicated: 24
@!@!@ENDMSG 2221 @!@!@
@!@!@STARTMSG 2221:0 @!@!@
  |||line 131, col 12 to line 131, col 23 of module replicated: 8
@!@!@ENDMSG 2221 @!@!@
@!@!@STARTMSG 2221:0 @!@!@
  ||line 135, col 24 to line 135, col 24 of module replicated: 8
@!@!@ENDMSG 2221 @!@!@
@!@!@STARTMSG 2221:0 @!@!@
  |line 135, col 29 to line 135, col 30 of module replicated: 8
@!@!@ENDMSG 2221 @!@!@
@!@!@STARTMSG 2221:0 @!@!@
  line 136, col 8 to line 136, col 109 of module replicated: 0
@!@!@ENDMSG 2221 @!@!@
@!@!@STARTMSG 2221:0 @!@!@
  line 137, col 8 to line 137, col 58 of module replicated: 0
@!@!@ENDMSG 2221 @!@!@
@!@!@STARTMSG 2774:0 @!@!@
<PsLagsSk line 159, col 1 to line 159, col 8 of module replicated>
@!@!@ENDMSG 2774 @!@!@
@!@!@STARTMSG 2221:0 @!@!@
  line 159, col 13 to line 160, col 81 of module replicated: 65
@!@!@ENDMSG 2221 @!@!@
@!@!@STARTMSG 2221:0 @!@!@
  |line 159, col 35 to line 160, col 81 of module replicated: 65
@!@!@ENDMSG 2221 @!@!@
@!@!@STARTMSG 2221:0 @!@!@
  ||line 160, col 9 to line 160, col 81 of module replicated: 195
@!@!@ENDMSG 2221 @!@!@
@!@!@STARTMSG 2221:0 @!@!@
  ||line 159, col 44 to line 159, col 72 of module replicated: 65
@!@!@ENDMSG 2221 @!@!@
@!@!@STARTMSG 2221:0 @!@!@
  |line 159, col 22 to line 159, col 32 of module replicated: 65
@!@!@ENDMSG 2221 @!@!@
@!@!@STARTMSG 2774:0 @!@!@
<PeerRecoveryIsPossible line 162, col 1 to line 162, col 22 of module replicated>
@!@!@ENDMSG 2774 @!@!@
@!@!@STARTMSG 2221:0 @!@!@
  line 163, col 5 to line 165, col 88 of module replicated: 65
@!@!@ENDMSG 2221 @!@!@
@!@!@STARTMSG 2221:0 @!@!@
  |line 163, col 47 to line 165, col 88 of module replicated: 164
@!@!@ENDMSG 2221 @!@!@
@!@!@STARTMSG 2221:0 @!@!@
  ||line 164, col 9 to line 165, col 88 of module replicated: 167
@!@!@ENDMSG 2221 @!@!@
@!@!@STARTMSG 2221:0 @!@!@
  |||line 164, col 12 to line 165, col 88 of module replicated: 167
@!@!@ENDMSG 2221 @!@!@
@!@!@STARTMSG 2221:0 @!@!@
  ||||line 164, col 13 to line 164, col 85 of module replicated: 167
@!@!@ENDMSG 2221 @!@!@
@!@!@STARTMSG 2221:0 @!@!@
  ||||line 165, col 16 to line 165, col 88 of module replicated: 35
@!@!@ENDMSG 2221 @!@!@
@!@!@STARTMSG 2221:0 @!@!@
  ||line 163, col 61 to line 163, col 83 of module replicated: 164
@!@!@ENDMSG 2221 @!@!@
@!@!@STARTMSG 2221:0 @!@!@
  |line 163, col 21 to line 163, col 43 of module replicated: 65
@!@!@ENDMSG 2221 @!@!@
@!@!@STARTMSG 2202:0 @!@!@
End of statistics.
@!@!@ENDMSG 2202 @!@!@
@!@!@STARTMSG 2200:0 @!@!@
Progress(5) at 2025-01-19 23:03:04: 248 states generated (5.740 s/min), 61 distinct states found (1.412 ds/min), 50 states left on queue.
@!@!@ENDMSG 2200 @!@!@
@!@!@STARTMSG 2199:0 @!@!@
248 states generated, 61 distinct states found, 50 states left on queue.
@!@!@ENDMSG 2199 @!@!@
@!@!@STARTMSG 2186:0 @!@!@
Finished in 2611ms at (2025-01-19 23:03:04)
@!@!@ENDMSG 2186 @!@!@
