@!@!@STARTMSG 2262:0 @!@!@
TLC2 Version 2.19 of 08 August 2024 (rev: 5a47802)
@!@!@ENDMSG 2262 @!@!@
@!@!@STARTMSG 2187:0 @!@!@
Running breadth-first search Model-Checking with fp 96 and seed 147884281130356166 with 4 workers on 8 cores with 2428MB heap and 5460MB offheap memory [pid: 12007] (Mac OS X 10.16 x86_64, AdoptOpenJDK 14.0.1 x86_64, OffHeapDiskFPSet, DiskStateQueue).
@!@!@ENDMSG 2187 @!@!@
@!@!@STARTMSG 2220:0 @!@!@
Starting SANY...
@!@!@ENDMSG 2220 @!@!@
Parsing file /Users/cs/src/neon/storage_broker/spec/replicated/replicated.toolbox/Model_1/MC.tla
Parsing file /Users/cs/src/neon/storage_broker/spec/replicated/replicated.toolbox/Model_1/replicated.tla
Parsing file /Applications/TLA+ Toolbox.app/Contents/Eclipse/plugins/org.lamport.tlatools_1.0.0.202408081326/tla2sany/StandardModules/TLC.tla
Parsing file /Applications/TLA+ Toolbox.app/Contents/Eclipse/plugins/org.lamport.tlatools_1.0.0.202408081326/tla2sany/StandardModules/Integers.tla
Parsing file /Applications/TLA+ Toolbox.app/Contents/Eclipse/plugins/org.lamport.tlatools_1.0.0.202408081326/tla2sany/StandardModules/FiniteSets.tla
Parsing file /Applications/TLA+ Toolbox.app/Contents/Eclipse/plugins/org.lamport.tlatools_1.0.0.202408081326/tla2sany/StandardModules/Naturals.tla
Parsing file /Applications/TLA+ Toolbox.app/Contents/Eclipse/plugins/org.lamport.tlatools_1.0.0.202408081326/tla2sany/StandardModules/Sequences.tla
Semantic processing of module Naturals
Semantic processing of module Integers
Semantic processing of module Sequences
Semantic processing of module FiniteSets
Semantic processing of module replicated
Semantic processing of module TLC
Semantic processing of module MC
@!@!@STARTMSG 2219:0 @!@!@
SANY finished.
@!@!@ENDMSG 2219 @!@!@
@!@!@STARTMSG 2185:0 @!@!@
Starting... (2025-01-19 18:38:05)
@!@!@ENDMSG 2185 @!@!@
@!@!@STARTMSG 2279:3 @!@!@
Declaring symmetry during liveness checking is dangerous. It might cause TLC to miss violations of the stated liveness properties. Please check liveness without symmetry defined.
@!@!@ENDMSG 2279 @!@!@
@!@!@STARTMSG 2284:3 @!@!@
Declaring state or action constraints during liveness checking is dangerous: Please read section 14.3.5 on page 247 of Specifying Systems (https://lamport.azurewebsites.net/tla/book.html) and optionally the discussion at https://discuss.tlapl.us/msg00994.html for more details.
@!@!@ENDMSG 2284 @!@!@
@!@!@STARTMSG 2212:0 @!@!@
Implied-temporal checking--satisfiability problem has 1 branches.
@!@!@ENDMSG 2212 @!@!@
@!@!@STARTMSG 2189:0 @!@!@
Computing initial states...
@!@!@ENDMSG 2189 @!@!@
@!@!@STARTMSG 2190:0 @!@!@
Finished computing initial states: 1 distinct state generated at 2025-01-19 18:38:06.
@!@!@ENDMSG 2190 @!@!@
@!@!@STARTMSG 2192:0 @!@!@
Checking temporal properties for the current state space with 3861 total distinct states at (2025-01-19 18:38:09)
@!@!@ENDMSG 2192 @!@!@
@!@!@STARTMSG 2267:0 @!@!@
Finished checking temporal properties in 00s at 2025-01-19 18:38:09
@!@!@ENDMSG 2267 @!@!@
@!@!@STARTMSG 2200:0 @!@!@
Progress(11) at 2025-01-19 18:38:09: 77.856 states generated (77.856 s/min), 8.653 distinct states found (8.653 ds/min), 4.790 states left on queue.
@!@!@ENDMSG 2200 @!@!@
@!@!@STARTMSG 2192:0 @!@!@
Checking temporal properties for the current state space with 197257 total distinct states at (2025-01-19 18:39:09)
@!@!@ENDMSG 2192 @!@!@
@!@!@STARTMSG 2267:0 @!@!@
Finished checking temporal properties in 00s at 2025-01-19 18:39:09
@!@!@ENDMSG 2267 @!@!@
@!@!@STARTMSG 2200:0 @!@!@
Progress(20) at 2025-01-19 18:39:09: 3.084.377 states generated (3.006.521 s/min), 204.964 distinct states found (196.311 ds/min), 7.704 states left on queue.
@!@!@ENDMSG 2200 @!@!@
@!@!@STARTMSG 2200:0 @!@!@
Progress(25) at 2025-01-19 18:39:12: 3.224.329 states generated, 208.868 distinct states found, 0 states left on queue.
@!@!@ENDMSG 2200 @!@!@
@!@!@STARTMSG 2192:0 @!@!@
Checking temporal properties for the complete state space with 208868 total distinct states at (2025-01-19 18:39:12)
@!@!@ENDMSG 2192 @!@!@
@!@!@STARTMSG 2267:0 @!@!@
Finished checking temporal properties in 00s at 2025-01-19 18:39:12
@!@!@ENDMSG 2267 @!@!@
@!@!@STARTMSG 2193:0 @!@!@
Model checking completed. No error has been found.
  Estimates of the probability that TLC did not check all reachable states
  because two distinct states had the same fingerprint:
  calculated (optimistic):  val = 3.4E-8
  based on the actual fingerprints:  val = 6.3E-10
@!@!@ENDMSG 2193 @!@!@
@!@!@STARTMSG 2201:0 @!@!@
The coverage statistics at 2025-01-19 18:39:14
@!@!@ENDMSG 2201 @!@!@
@!@!@STARTMSG 2773:0 @!@!@
<Init line 34, col 1 to line 34, col 4 of module replicated>: 1:1
@!@!@ENDMSG 2773 @!@!@
@!@!@STARTMSG 2221:0 @!@!@
  line 35, col 5 to line 38, col 26 of module replicated: 1
@!@!@ENDMSG 2221 @!@!@
@!@!@STARTMSG 2772:0 @!@!@
<NodeOnlineOffline line 40, col 1 to line 40, col 17 of module replicated>: 14290:208868
@!@!@ENDMSG 2772 @!@!@
@!@!@STARTMSG 2221:0 @!@!@
  line 41, col 8 to line 44, col 44 of module replicated: 208868
@!@!@ENDMSG 2221 @!@!@
@!@!@STARTMSG 2221:0 @!@!@
  |line 41, col 18 to line 44, col 44 of module replicated: 208868
@!@!@ENDMSG 2221 @!@!@
@!@!@STARTMSG 2221:0 @!@!@
  ||line 42, col 9 to line 44, col 44 of module replicated: 22348876
@!@!@ENDMSG 2221 @!@!@
@!@!@STARTMSG 2221:0 @!@!@
  |||line 42, col 12 to line 42, col 48 of module replicated: 22348876
@!@!@ENDMSG 2221 @!@!@
@!@!@STARTMSG 2221:0 @!@!@
  |||line 43, col 12 to line 43, col 44 of module replicated: 8981324
@!@!@ENDMSG 2221 @!@!@
@!@!@STARTMSG 2221:0 @!@!@
  |||line 44, col 12 to line 44, col 44 of module replicated: 2924152
@!@!@ENDMSG 2221 @!@!@
@!@!@STARTMSG 2221:0 @!@!@
  ||line 41, col 32 to line 41, col 48 of module replicated: 208868
@!@!@ENDMSG 2221 @!@!@
@!@!@STARTMSG 2221:0 @!@!@
  line 45, col 8 to line 45, col 67 of module replicated: 208868
@!@!@ENDMSG 2221 @!@!@
@!@!@STARTMSG 2772:0 @!@!@
<SkCommit line 47, col 1 to line 47, col 16 of module replicated>: 84:530666
@!@!@ENDMSG 2772 @!@!@
@!@!@STARTMSG 2221:0 @!@!@
  line 48, col 8 to line 48, col 32 of module replicated: 2410478
@!@!@ENDMSG 2221 @!@!@
@!@!@STARTMSG 2775:0 @!@!@
  |line 48, col 8 to line 48, col 15 of module replicated: 1879812:4246157
@!@!@ENDMSG 2775 @!@!@
@!@!@STARTMSG 2221:0 @!@!@
  |line 48, col 27 to line 48, col 32 of module replicated: 1879812
@!@!@ENDMSG 2221 @!@!@
@!@!@STARTMSG 2221:0 @!@!@
  line 49, col 8 to line 49, col 14 of module replicated: 1643803
@!@!@ENDMSG 2221 @!@!@
@!@!@STARTMSG 2221:0 @!@!@
  |line 49, col 8 to line 49, col 9 of module replicated: 1113137
@!@!@ENDMSG 2221 @!@!@
@!@!@STARTMSG 2221:0 @!@!@
  |line 49, col 13 to line 49, col 14 of module replicated: 1113137
@!@!@ENDMSG 2221 @!@!@
@!@!@STARTMSG 2221:0 @!@!@
  line 50, col 8 to line 50, col 72 of module replicated: 1170534
@!@!@ENDMSG 2221 @!@!@
@!@!@STARTMSG 2221:0 @!@!@
  |line 50, col 8 to line 50, col 38 of module replicated: 639868
@!@!@ENDMSG 2221 @!@!@
@!@!@STARTMSG 2221:0 @!@!@
  |line 50, col 42 to line 50, col 72 of module replicated: 639868
@!@!@ENDMSG 2221 @!@!@
@!@!@STARTMSG 2221:0 @!@!@
  line 54, col 13 to line 56, col 50 of module replicated: 530666
@!@!@ENDMSG 2221 @!@!@
@!@!@STARTMSG 2221:0 @!@!@
  line 57, col 8 to line 57, col 58 of module replicated: 530666
@!@!@ENDMSG 2221 @!@!@
@!@!@STARTMSG 2772:0 @!@!@
<SkPeerRecovery line 59, col 1 to line 59, col 21 of module replicated>: 682:54601
@!@!@ENDMSG 2772 @!@!@
@!@!@STARTMSG 2221:0 @!@!@
  line 60, col 8 to line 60, col 32 of module replicated: 1934413
@!@!@ENDMSG 2221 @!@!@
@!@!@STARTMSG 2775:0 @!@!@
  |line 60, col 8 to line 60, col 15 of module replicated: 1879812:4246157
@!@!@ENDMSG 2775 @!@!@
@!@!@STARTMSG 2221:0 @!@!@
  |line 60, col 27 to line 60, col 32 of module replicated: 1879812
@!@!@ENDMSG 2221 @!@!@
@!@!@STARTMSG 2221:0 @!@!@
  line 61, col 8 to line 61, col 72 of module replicated: 54601
@!@!@ENDMSG 2221 @!@!@
@!@!@STARTMSG 2221:0 @!@!@
  |line 61, col 8 to line 61, col 38 of module replicated: 1113137
@!@!@ENDMSG 2221 @!@!@
@!@!@STARTMSG 2221:0 @!@!@
  |line 61, col 42 to line 61, col 72 of module replicated: 1113137
@!@!@ENDMSG 2221 @!@!@
@!@!@STARTMSG 2221:0 @!@!@
  line 62, col 8 to line 62, col 102 of module replicated: 54601
@!@!@ENDMSG 2221 @!@!@
@!@!@STARTMSG 2221:0 @!@!@
  line 63, col 8 to line 63, col 58 of module replicated: 54601
@!@!@ENDMSG 2221 @!@!@
@!@!@STARTMSG 2772:0 @!@!@
<SkPushToBroker line 65, col 1 to line 65, col 19 of module replicated>: 45241:1113137
@!@!@ENDMSG 2772 @!@!@
@!@!@STARTMSG 2221:0 @!@!@
  line 66, col 8 to line 66, col 30 of module replicated: 2992949
@!@!@ENDMSG 2221 @!@!@
@!@!@STARTMSG 2775:0 @!@!@
  |line 66, col 8 to line 66, col 13 of module replicated: 1879812:4412756
@!@!@ENDMSG 2775 @!@!@
@!@!@STARTMSG 2221:0 @!@!@
  |line 66, col 25 to line 66, col 30 of module replicated: 1879812
@!@!@ENDMSG 2221 @!@!@
@!@!@STARTMSG 2221:0 @!@!@
  line 67, col 8 to line 74, col 29 of module replicated: 1113137
@!@!@ENDMSG 2221 @!@!@
@!@!@STARTMSG 2221:0 @!@!@
  |line 67, col 24 to line 74, col 29 of module replicated: 1113137
@!@!@ENDMSG 2221 @!@!@
@!@!@STARTMSG 2221:0 @!@!@
  ||line 67, col 27 to line 67, col 91 of module replicated: 1113137
@!@!@ENDMSG 2221 @!@!@
@!@!@STARTMSG 2221:0 @!@!@
  ||line 70, col 28 to line 70, col 45 of module replicated: 611653
@!@!@ENDMSG 2221 @!@!@
@!@!@STARTMSG 2221:0 @!@!@
  ||line 71, col 31 to line 71, col 91 of module replicated: 611653
@!@!@ENDMSG 2221 @!@!@
@!@!@STARTMSG 2221:0 @!@!@
  ||line 73, col 17 to line 73, col 54 of module replicated: 611653
@!@!@ENDMSG 2221 @!@!@
@!@!@STARTMSG 2221:0 @!@!@
  ||line 74, col 18 to line 74, col 29 of module replicated: 501484
@!@!@ENDMSG 2221 @!@!@
@!@!@STARTMSG 2221:0 @!@!@
  line 75, col 8 to line 75, col 62 of module replicated: 1113137
@!@!@ENDMSG 2221 @!@!@
@!@!@STARTMSG 2772:0 @!@!@
<PsRecvBroker line 77, col 1 to line 77, col 19 of module replicated>: 90643:1113137
@!@!@ENDMSG 2772 @!@!@
@!@!@STARTMSG 2221:0 @!@!@
  line 78, col 8 to line 78, col 31 of module replicated: 2992949
@!@!@ENDMSG 2221 @!@!@
@!@!@STARTMSG 2775:0 @!@!@
  |line 78, col 8 to line 78, col 14 of module replicated: 1879812:5525893
@!@!@ENDMSG 2775 @!@!@
@!@!@STARTMSG 2221:0 @!@!@
  |line 78, col 26 to line 78, col 31 of module replicated: 1879812
@!@!@ENDMSG 2221 @!@!@
@!@!@STARTMSG 2221:0 @!@!@
  line 84, col 13 to line 86, col 37 of module replicated: 1113137
@!@!@ENDMSG 2221 @!@!@
@!@!@STARTMSG 2221:0 @!@!@
  |line 84, col 33 to line 86, col 37 of module replicated: 1113137
@!@!@ENDMSG 2221 @!@!@
@!@!@STARTMSG 2221:0 @!@!@
  ||line 84, col 36 to line 84, col 66 of module replicated: 1113137
@!@!@ENDMSG 2221 @!@!@
@!@!@STARTMSG 2221:0 @!@!@
  ||line 85, col 22 to line 85, col 66 of module replicated: 406880
@!@!@ENDMSG 2221 @!@!@
@!@!@STARTMSG 2221:0 @!@!@
  ||line 86, col 22 to line 86, col 37 of module replicated: 706257
@!@!@ENDMSG 2221 @!@!@
@!@!@STARTMSG 2221:0 @!@!@
  line 87, col 8 to line 87, col 58 of module replicated: 1113137
@!@!@ENDMSG 2221 @!@!@
@!@!@STARTMSG 2772:0 @!@!@
<PsChooseSk line 96, col 1 to line 96, col 13 of module replicated>: 57927:203919
@!@!@ENDMSG 2772 @!@!@
@!@!@STARTMSG 2221:0 @!@!@
  line 97, col 8 to line 97, col 27 of module replicated: 412787
@!@!@ENDMSG 2221 @!@!@
@!@!@STARTMSG 2775:0 @!@!@
  |line 97, col 8 to line 97, col 10 of module replicated: 208868:417736
@!@!@ENDMSG 2775 @!@!@
@!@!@STARTMSG 2221:0 @!@!@
  |line 97, col 22 to line 97, col 27 of module replicated: 208868
@!@!@ENDMSG 2221 @!@!@
@!@!@STARTMSG 2221:0 @!@!@
  line 98, col 8 to line 98, col 30 of module replicated: 412787
@!@!@ENDMSG 2221 @!@!@
@!@!@STARTMSG 2221:0 @!@!@
  |line 98, col 8 to line 98, col 25 of module replicated: 208868
@!@!@ENDMSG 2221 @!@!@
@!@!@STARTMSG 2221:0 @!@!@
  ||line 92, col 15 to line 92, col 33 of module replicated: 208868
@!@!@ENDMSG 2221 @!@!@
@!@!@STARTMSG 2221:0 @!@!@
  ||line 94, col 5 to line 94, col 66 of module replicated: 208868
@!@!@ENDMSG 2221 @!@!@
@!@!@STARTMSG 2221:0 @!@!@
  |||line 94, col 26 to line 94, col 65 of module replicated: 626604
@!@!@ENDMSG 2221 @!@!@
@!@!@STARTMSG 2221:0 @!@!@
  |||line 94, col 12 to line 94, col 23 of module replicated: 208868
@!@!@ENDMSG 2221 @!@!@
@!@!@STARTMSG 2221:0 @!@!@
  ||line 98, col 24 to line 98, col 24 of module replicated: 208868
@!@!@ENDMSG 2221 @!@!@
@!@!@STARTMSG 2221:0 @!@!@
  |line 98, col 29 to line 98, col 30 of module replicated: 208868
@!@!@ENDMSG 2221 @!@!@
@!@!@STARTMSG 2221:0 @!@!@
  line 99, col 8 to line 99, col 109 of module replicated: 203919
@!@!@ENDMSG 2221 @!@!@
@!@!@STARTMSG 2221:0 @!@!@
  |line 99, col 28 to line 99, col 109 of module replicated: 203919
@!@!@ENDMSG 2221 @!@!@
@!@!@STARTMSG 2221:0 @!@!@
  ||line 99, col 29 to line 99, col 44 of module replicated: 203919
@!@!@ENDMSG 2221 @!@!@
@!@!@STARTMSG 2221:0 @!@!@
  ||line 99, col 52 to line 99, col 108 of module replicated: 203919
@!@!@ENDMSG 2221 @!@!@
@!@!@STARTMSG 2221:0 @!@!@
  ||line 99, col 72 to line 99, col 108 of module replicated: 203919
@!@!@ENDMSG 2221 @!@!@
@!@!@STARTMSG 2221:0 @!@!@
  |||line 99, col 105 to line 99, col 108 of module replicated: 203919
@!@!@ENDMSG 2221 @!@!@
@!@!@STARTMSG 2221:0 @!@!@
  |||line 99, col 85 to line 99, col 102 of module replicated: 203919
@!@!@ENDMSG 2221 @!@!@
@!@!@STARTMSG 2221:0 @!@!@
  ||||line 92, col 15 to line 92, col 33 of module replicated: 203919
@!@!@ENDMSG 2221 @!@!@
@!@!@STARTMSG 2775:0 @!@!@
  ||||line 94, col 5 to line 94, col 66 of module replicated: 203919:203919
@!@!@ENDMSG 2775 @!@!@
@!@!@STARTMSG 2221:0 @!@!@
  |||||line 94, col 26 to line 94, col 65 of module replicated: 611757
@!@!@ENDMSG 2221 @!@!@
@!@!@STARTMSG 2221:0 @!@!@
  |||||line 94, col 12 to line 94, col 23 of module replicated: 203919
@!@!@ENDMSG 2221 @!@!@
@!@!@STARTMSG 2221:0 @!@!@
  ||||line 99, col 101 to line 99, col 101 of module replicated: 203919
@!@!@ENDMSG 2221 @!@!@
@!@!@STARTMSG 2221:0 @!@!@
  line 100, col 8 to line 100, col 58 of module replicated: 203919
@!@!@ENDMSG 2221 @!@!@
@!@!@STARTMSG 2774:0 @!@!@
<PsLagsSk line 118, col 1 to line 118, col 8 of module replicated>
@!@!@ENDMSG 2774 @!@!@
@!@!@STARTMSG 2221:0 @!@!@
  line 118, col 13 to line 119, col 81 of module replicated: 736274
@!@!@ENDMSG 2221 @!@!@
@!@!@STARTMSG 2221:0 @!@!@
  |line 118, col 35 to line 119, col 81 of module replicated: 736274
@!@!@ENDMSG 2221 @!@!@
@!@!@STARTMSG 2221:0 @!@!@
  ||line 119, col 9 to line 119, col 81 of module replicated: 2208822
@!@!@ENDMSG 2221 @!@!@
@!@!@STARTMSG 2221:0 @!@!@
  ||line 118, col 44 to line 118, col 72 of module replicated: 736274
@!@!@ENDMSG 2221 @!@!@
@!@!@STARTMSG 2221:0 @!@!@
  |line 118, col 22 to line 118, col 32 of module replicated: 736274
@!@!@ENDMSG 2221 @!@!@
@!@!@STARTMSG 2202:0 @!@!@
End of statistics.
@!@!@ENDMSG 2202 @!@!@
@!@!@STARTMSG 2200:0 @!@!@
Progress(25) at 2025-01-19 18:39:14: 3.224.329 states generated (2.761.383 s/min), 208.868 distinct states found (178.878 ds/min), 0 states left on queue.
@!@!@ENDMSG 2200 @!@!@
@!@!@STARTMSG 2199:0 @!@!@
3224329 states generated, 208868 distinct states found, 0 states left on queue.
@!@!@ENDMSG 2199 @!@!@
@!@!@STARTMSG 2194:0 @!@!@
The depth of the complete state graph search is 25.
@!@!@ENDMSG 2194 @!@!@
@!@!@STARTMSG 2268:0 @!@!@
The average outdegree of the complete state graph is 1 (minimum is 0, the maximum 9 and the 95th percentile is 3).
@!@!@ENDMSG 2268 @!@!@
@!@!@STARTMSG 2186:0 @!@!@
Finished in 70074ms at (2025-01-19 18:39:14)
@!@!@ENDMSG 2186 @!@!@
