@!@!@STARTMSG 2262:0 @!@!@
TLC2 Version 2.19 of 08 August 2024 (rev: 5a47802)
@!@!@ENDMSG 2262 @!@!@
@!@!@STARTMSG 2187:0 @!@!@
Running breadth-first search Model-Checking with fp 75 and seed 8173044349253312442 with 4 workers on 8 cores with 2428MB heap and 5460MB offheap memory [pid: 24585] (Mac OS X 10.16 x86_64, AdoptOpenJDK 14.0.1 x86_64, OffHeapDiskFPSet, DiskStateQueue).
@!@!@ENDMSG 2187 @!@!@
@!@!@STARTMSG 2220:0 @!@!@
Starting SANY...
@!@!@ENDMSG 2220 @!@!@
Parsing file /Users/cs/src/neon/storage_broker/spec/replicated/replicated.toolbox/Model_1/MC.tla
Parsing file /Users/cs/src/neon/storage_broker/spec/replicated/replicated.toolbox/Model_1/replicated.tla
Parsing file /Applications/TLA+ Toolbox.app/Contents/Eclipse/plugins/org.lamport.tlatools_1.0.0.202408081326/tla2sany/StandardModules/TLC.tla
Parsing file /Applications/TLA+ Toolbox.app/Contents/Eclipse/plugins/org.lamport.tlatools_1.0.0.202408081326/tla2sany/StandardModules/Integers.tla
Parsing file /Applications/TLA+ Toolbox.app/Contents/Eclipse/plugins/org.lamport.tlatools_1.0.0.202408081326/tla2sany/StandardModules/FiniteSets.tla
Parsing file /Applications/TLA+ Toolbox.app/Contents/Eclipse/plugins/org.lamport.tlatools_1.0.0.202408081326/tla2sany/StandardModules/Naturals.tla
Parsing file /Applications/TLA+ Toolbox.app/Contents/Eclipse/plugins/org.lamport.tlatools_1.0.0.202408081326/tla2sany/StandardModules/Sequences.tla
Semantic processing of module Naturals
Semantic processing of module Integers
Semantic processing of module Sequences
Semantic processing of module FiniteSets
Semantic processing of module replicated
Semantic processing of module TLC
Semantic processing of module MC
@!@!@STARTMSG 2219:0 @!@!@
SANY finished.
@!@!@ENDMSG 2219 @!@!@
@!@!@STARTMSG 2185:0 @!@!@
Starting... (2025-01-19 23:35:12)
@!@!@ENDMSG 2185 @!@!@
@!@!@STARTMSG 2279:3 @!@!@
Declaring symmetry during liveness checking is dangerous. It might cause TLC to miss violations of the stated liveness properties. Please check liveness without symmetry defined.
@!@!@ENDMSG 2279 @!@!@
@!@!@STARTMSG 2284:3 @!@!@
Declaring state or action constraints during liveness checking is dangerous: Please read section 14.3.5 on page 247 of Specifying Systems (https://lamport.azurewebsites.net/tla/book.html) and optionally the discussion at https://discuss.tlapl.us/msg00994.html for more details.
@!@!@ENDMSG 2284 @!@!@
@!@!@STARTMSG 2212:0 @!@!@
Implied-temporal checking--satisfiability problem has 1 branches.
@!@!@ENDMSG 2212 @!@!@
@!@!@STARTMSG 2189:0 @!@!@
Computing initial states...
@!@!@ENDMSG 2189 @!@!@
@!@!@STARTMSG 2190:0 @!@!@
Finished computing initial states: 1 distinct state generated at 2025-01-19 23:35:13.
@!@!@ENDMSG 2190 @!@!@
@!@!@STARTMSG 1000:1 @!@!@
TLC threw an unexpected exception.
This was probably caused by an error in the spec or model.
See the User Output or TLC Console for clues to what happened.
The exception was a java.lang.RuntimeException
: Attempted to select field "rx" from a non-record value s1
line 116, col 50 to line 116, col 53 of module replicated
@!@!@ENDMSG 1000 @!@!@
@!@!@STARTMSG 2121:1 @!@!@
The behavior up to this point is:
@!@!@ENDMSG 2121 @!@!@
@!@!@STARTMSG 2217:4 @!@!@
1: <Initial predicate>
/\ pageserver_state = (p1 :> [sk |-> (s1 :> [commit_lsn |-> 0] @@ s2 :> [commit_lsn |-> 0] @@ s3 :> [commit_lsn |-> 0]), last_record_lsn |-> 0, preferred_sk |-> NULL])
/\ broker_state = (b1 :> [sk |-> (s1 :> [commit_lsn |-> 0, prune_lsn |-> 0] @@ s2 :> [commit_lsn |-> 0, prune_lsn |-> 0] @@ s3 :> [commit_lsn |-> 0, prune_lsn |-> 0])] @@ b2 :> [sk |-> (s1 :> [commit_lsn |-> 0, prune_lsn |-> 0] @@ s2 :> [commit_lsn |-> 0, prune_lsn |-> 0] @@ s3 :> [commit_lsn |-> 0, prune_lsn |-> 0])] @@ b3 :> [sk |-> (s1 :> [commit_lsn |-> 0, prune_lsn |-> 0] @@ s2 :> [commit_lsn |-> 0, prune_lsn |-> 0] @@ s3 :> [commit_lsn |-> 0, prune_lsn |-> 0])])
/\ online = {b1, b2, b3, s1, s2, s3, p1}
/\ safekeeper_state = (s1 :> [commit_lsn |-> 0, prune_lsn |-> 0, rx |-> (b1 :> NULL @@ b2 :> NULL @@ b3 :> NULL)] @@ s2 :> [commit_lsn |-> 0, prune_lsn |-> 0, rx |-> (b1 :> NULL @@ b2 :> NULL @@ b3 :> NULL)] @@ s3 :> [commit_lsn |-> 0, prune_lsn |-> 0, rx |-> (b1 :> NULL @@ b2 :> NULL @@ b3 :> NULL)])

@!@!@ENDMSG 2217 @!@!@
@!@!@STARTMSG 2217:4 @!@!@
2: <NodeOnlineOffline line 56, col 5 to line 60, col 67 of module replicated>
/\ pageserver_state = (p1 :> [sk |-> (s1 :> [commit_lsn |-> 0] @@ s2 :> [commit_lsn |-> 0] @@ s3 :> [commit_lsn |-> 0]), last_record_lsn |-> 0, preferred_sk |-> NULL])
/\ broker_state = (b1 :> [sk |-> (s1 :> [commit_lsn |-> 0, prune_lsn |-> 0] @@ s2 :> [commit_lsn |-> 0, prune_lsn |-> 0] @@ s3 :> [commit_lsn |-> 0, prune_lsn |-> 0])] @@ b2 :> [sk |-> (s1 :> [commit_lsn |-> 0, prune_lsn |-> 0] @@ s2 :> [commit_lsn |-> 0, prune_lsn |-> 0] @@ s3 :> [commit_lsn |-> 0, prune_lsn |-> 0])] @@ b3 :> [sk |-> (s1 :> [commit_lsn |-> 0, prune_lsn |-> 0] @@ s2 :> [commit_lsn |-> 0, prune_lsn |-> 0] @@ s3 :> [commit_lsn |-> 0, prune_lsn |-> 0])])
/\ online = {b1, b2, s1, s2, p1}
/\ safekeeper_state = (s1 :> [commit_lsn |-> 0, prune_lsn |-> 0, rx |-> (b1 :> NULL @@ b2 :> NULL @@ b3 :> NULL)] @@ s2 :> [commit_lsn |-> 0, prune_lsn |-> 0, rx |-> (b1 :> NULL @@ b2 :> NULL @@ b3 :> NULL)] @@ s3 :> [commit_lsn |-> 0, prune_lsn |-> 0, rx |-> (b1 :> NULL @@ b2 :> NULL @@ b3 :> NULL)])

@!@!@ENDMSG 2217 @!@!@
@!@!@STARTMSG 2103:1 @!@!@
The error occurred when TLC was evaluating the nested
expressions at the following positions:
0. Line 112, column 5 to line 128, column 57 in replicated
1. Line 112, column 8 to line 112, column 27 in replicated
2. Line 113, column 8 to line 127, column 80 in replicated
3. Line 127, column 9 to line 127, column 80 in replicated
4. Line 127, column 29 to line 127, column 80 in replicated
5. Line 127, column 71 to line 127, column 79 in replicated
6. Line 125, column 22 to line 125, column 46 in replicated
7. Line 27, column 3 to line 27, column 36 in replicated
8. Line 27, column 16 to line 27, column 16 in replicated
9. Line 125, column 31 to line 125, column 45 in replicated
10. Line 118, column 28 to line 124, column 13 in replicated
11. Line 123, column 27 to line 123, column 35 in replicated
12. Line 117, column 22 to line 117, column 64 in replicated
13. Line 117, column 29 to line 117, column 63 in replicated
14. Line 117, column 51 to line 117, column 62 in replicated
15. Line 116, column 25 to line 116, column 64 in replicated
16. Line 116, column 25 to line 116, column 55 in replicated
17. Line 116, column 43 to line 116, column 53 in replicated
18. Line 116, column 50 to line 116, column 53 in replicated


@!@!@ENDMSG 2103 @!@!@
@!@!@STARTMSG 2201:0 @!@!@
The coverage statistics at 2025-01-19 23:35:14
@!@!@ENDMSG 2201 @!@!@
@!@!@STARTMSG 2773:0 @!@!@
<Init line 49, col 1 to line 49, col 4 of module replicated>: 2:2
@!@!@ENDMSG 2773 @!@!@
@!@!@STARTMSG 2221:0 @!@!@
  line 50, col 5 to line 53, col 26 of module replicated: 2
@!@!@ENDMSG 2221 @!@!@
@!@!@STARTMSG 2772:0 @!@!@
<NodeOnlineOffline line 55, col 1 to line 55, col 17 of module replicated>: 1:6
@!@!@ENDMSG 2772 @!@!@
@!@!@STARTMSG 2221:0 @!@!@
  line 56, col 8 to line 59, col 44 of module replicated: 6
@!@!@ENDMSG 2221 @!@!@
@!@!@STARTMSG 2221:0 @!@!@
  |line 56, col 18 to line 59, col 44 of module replicated: 6
@!@!@ENDMSG 2221 @!@!@
@!@!@STARTMSG 2221:0 @!@!@
  ||line 57, col 9 to line 59, col 44 of module replicated: 642
@!@!@ENDMSG 2221 @!@!@
@!@!@STARTMSG 2221:0 @!@!@
  |||line 57, col 12 to line 57, col 48 of module replicated: 642
@!@!@ENDMSG 2221 @!@!@
@!@!@STARTMSG 2221:0 @!@!@
  |||line 58, col 12 to line 58, col 44 of module replicated: 258
@!@!@ENDMSG 2221 @!@!@
@!@!@STARTMSG 2221:0 @!@!@
  |||line 59, col 12 to line 59, col 44 of module replicated: 84
@!@!@ENDMSG 2221 @!@!@
@!@!@STARTMSG 2221:0 @!@!@
  ||line 56, col 32 to line 56, col 48 of module replicated: 6
@!@!@ENDMSG 2221 @!@!@
@!@!@STARTMSG 2221:0 @!@!@
  line 60, col 8 to line 60, col 67 of module replicated: 6
@!@!@ENDMSG 2221 @!@!@
@!@!@STARTMSG 2772:0 @!@!@
<SkCommit line 62, col 1 to line 62, col 16 of module replicated>: 4:14
@!@!@ENDMSG 2772 @!@!@
@!@!@STARTMSG 2221:0 @!@!@
  line 63, col 8 to line 63, col 32 of module replicated: 59
@!@!@ENDMSG 2221 @!@!@
@!@!@STARTMSG 2775:0 @!@!@
  |line 63, col 8 to line 63, col 15 of module replicated: 45:105
@!@!@ENDMSG 2775 @!@!@
@!@!@STARTMSG 2221:0 @!@!@
  |line 63, col 27 to line 63, col 32 of module replicated: 45
@!@!@ENDMSG 2221 @!@!@
@!@!@STARTMSG 2221:0 @!@!@
  line 64, col 8 to line 64, col 14 of module replicated: 44
@!@!@ENDMSG 2221 @!@!@
@!@!@STARTMSG 2221:0 @!@!@
  |line 64, col 8 to line 64, col 9 of module replicated: 30
@!@!@ENDMSG 2221 @!@!@
@!@!@STARTMSG 2221:0 @!@!@
  |line 64, col 13 to line 64, col 14 of module replicated: 30
@!@!@ENDMSG 2221 @!@!@
@!@!@STARTMSG 2221:0 @!@!@
  line 65, col 8 to line 65, col 72 of module replicated: 32
@!@!@ENDMSG 2221 @!@!@
@!@!@STARTMSG 2221:0 @!@!@
  |line 65, col 8 to line 65, col 38 of module replicated: 18
@!@!@ENDMSG 2221 @!@!@
@!@!@STARTMSG 2221:0 @!@!@
  |line 65, col 42 to line 65, col 72 of module replicated: 18
@!@!@ENDMSG 2221 @!@!@
@!@!@STARTMSG 2221:0 @!@!@
  line 69, col 13 to line 71, col 50 of module replicated: 14
@!@!@ENDMSG 2221 @!@!@
@!@!@STARTMSG 2221:0 @!@!@
  line 72, col 8 to line 72, col 58 of module replicated: 14
@!@!@ENDMSG 2221 @!@!@
@!@!@STARTMSG 2772:0 @!@!@
<SkPeerRecovery line 74, col 1 to line 74, col 21 of module replicated>: 0:0
@!@!@ENDMSG 2772 @!@!@
@!@!@STARTMSG 2221:0 @!@!@
  line 75, col 8 to line 75, col 32 of module replicated: 45
@!@!@ENDMSG 2221 @!@!@
@!@!@STARTMSG 2221:0 @!@!@
  line 76, col 8 to line 76, col 72 of module replicated: 30
@!@!@ENDMSG 2221 @!@!@
@!@!@STARTMSG 2221:0 @!@!@
  line 77, col 8 to line 77, col 71 of module replicated: 2
@!@!@ENDMSG 2221 @!@!@
@!@!@STARTMSG 2221:0 @!@!@
  line 78, col 8 to line 78, col 102 of module replicated: 0
@!@!@ENDMSG 2221 @!@!@
@!@!@STARTMSG 2221:0 @!@!@
  line 79, col 8 to line 79, col 58 of module replicated: 0
@!@!@ENDMSG 2221 @!@!@
@!@!@STARTMSG 2772:0 @!@!@
<SkPushToBroker line 81, col 1 to line 81, col 19 of module replicated>: 2:30
@!@!@ENDMSG 2772 @!@!@
@!@!@STARTMSG 2221:0 @!@!@
  line 82, col 8 to line 82, col 30 of module replicated: 75
@!@!@ENDMSG 2221 @!@!@
@!@!@STARTMSG 2775:0 @!@!@
  |line 82, col 8 to line 82, col 13 of module replicated: 45:111
@!@!@ENDMSG 2775 @!@!@
@!@!@STARTMSG 2221:0 @!@!@
  |line 82, col 25 to line 82, col 30 of module replicated: 45
@!@!@ENDMSG 2221 @!@!@
@!@!@STARTMSG 2221:0 @!@!@
  line 83, col 8 to line 90, col 52 of module replicated: 30
@!@!@ENDMSG 2221 @!@!@
@!@!@STARTMSG 2221:0 @!@!@
  line 91, col 8 to line 91, col 62 of module replicated: 30
@!@!@ENDMSG 2221 @!@!@
@!@!@STARTMSG 2772:0 @!@!@
<PsRecvBroker line 93, col 1 to line 93, col 19 of module replicated>: 0:0
@!@!@ENDMSG 2772 @!@!@
@!@!@STARTMSG 2221:0 @!@!@
  line 100, col 13 to line 102, col 37 of module replicated: 0
@!@!@ENDMSG 2221 @!@!@
@!@!@STARTMSG 2221:0 @!@!@
  line 103, col 8 to line 103, col 58 of module replicated: 0
@!@!@ENDMSG 2221 @!@!@
@!@!@STARTMSG 2772:0 @!@!@
<SkRecvBroker line 106, col 1 to line 106, col 17 of module replicated>: 5:30
@!@!@ENDMSG 2772 @!@!@
@!@!@STARTMSG 2221:0 @!@!@
  line 107, col 8 to line 107, col 29 of module replicated: 75
@!@!@ENDMSG 2221 @!@!@
@!@!@STARTMSG 2775:0 @!@!@
  |line 107, col 8 to line 107, col 12 of module replicated: 45:111
@!@!@ENDMSG 2775 @!@!@
@!@!@STARTMSG 2221:0 @!@!@
  |line 107, col 24 to line 107, col 29 of module replicated: 45
@!@!@ENDMSG 2221 @!@!@
@!@!@STARTMSG 2221:0 @!@!@
  line 108, col 8 to line 108, col 81 of module replicated: 30
@!@!@ENDMSG 2221 @!@!@
@!@!@STARTMSG 2221:0 @!@!@
  line 109, col 8 to line 109, col 57 of module replicated: 30
@!@!@ENDMSG 2221 @!@!@
@!@!@STARTMSG 2772:0 @!@!@
<SkPrune line 111, col 1 to line 111, col 10 of module replicated>: 0:0
@!@!@ENDMSG 2772 @!@!@
@!@!@STARTMSG 2221:0 @!@!@
  line 112, col 8 to line 112, col 27 of module replicated: 5
@!@!@ENDMSG 2221 @!@!@
@!@!@STARTMSG 2221:0 @!@!@
  line 127, col 9 to line 127, col 80 of module replicated: 0
@!@!@ENDMSG 2221 @!@!@
@!@!@STARTMSG 2221:0 @!@!@
  |line 127, col 29 to line 127, col 80 of module replicated: 5
@!@!@ENDMSG 2221 @!@!@
@!@!@STARTMSG 2221:0 @!@!@
  line 128, col 8 to line 128, col 57 of module replicated: 0
@!@!@ENDMSG 2221 @!@!@
@!@!@STARTMSG 2772:0 @!@!@
<PsChooseSk line 137, col 1 to line 137, col 13 of module replicated>: 0:0
@!@!@ENDMSG 2772 @!@!@
@!@!@STARTMSG 2221:0 @!@!@
  line 140, col 8 to line 140, col 109 of module replicated: 0
@!@!@ENDMSG 2221 @!@!@
@!@!@STARTMSG 2221:0 @!@!@
  line 141, col 8 to line 141, col 58 of module replicated: 0
@!@!@ENDMSG 2221 @!@!@
@!@!@STARTMSG 2774:0 @!@!@
<PsLagsSk line 163, col 1 to line 163, col 8 of module replicated>
@!@!@ENDMSG 2774 @!@!@
@!@!@STARTMSG 2221:0 @!@!@
  line 163, col 13 to line 164, col 81 of module replicated: 13
@!@!@ENDMSG 2221 @!@!@
@!@!@STARTMSG 2221:0 @!@!@
  |line 163, col 35 to line 164, col 81 of module replicated: 13
@!@!@ENDMSG 2221 @!@!@
@!@!@STARTMSG 2221:0 @!@!@
  ||line 164, col 9 to line 164, col 81 of module replicated: 39
@!@!@ENDMSG 2221 @!@!@
@!@!@STARTMSG 2221:0 @!@!@
  ||line 163, col 44 to line 163, col 72 of module replicated: 13
@!@!@ENDMSG 2221 @!@!@
@!@!@STARTMSG 2221:0 @!@!@
  |line 163, col 22 to line 163, col 32 of module replicated: 13
@!@!@ENDMSG 2221 @!@!@
@!@!@STARTMSG 2774:0 @!@!@
<PeerRecoveryIsPossible line 166, col 1 to line 166, col 22 of module replicated>
@!@!@ENDMSG 2774 @!@!@
@!@!@STARTMSG 2221:0 @!@!@
  line 167, col 5 to line 169, col 88 of module replicated: 13
@!@!@ENDMSG 2221 @!@!@
@!@!@STARTMSG 2221:0 @!@!@
  |line 167, col 47 to line 169, col 88 of module replicated: 33
@!@!@ENDMSG 2221 @!@!@
@!@!@STARTMSG 2221:0 @!@!@
  ||line 168, col 9 to line 169, col 88 of module replicated: 33
@!@!@ENDMSG 2221 @!@!@
@!@!@STARTMSG 2221:0 @!@!@
  |||line 168, col 12 to line 169, col 88 of module replicated: 33
@!@!@ENDMSG 2221 @!@!@
@!@!@STARTMSG 2221:0 @!@!@
  ||||line 168, col 13 to line 168, col 85 of module replicated: 33
@!@!@ENDMSG 2221 @!@!@
@!@!@STARTMSG 2221:0 @!@!@
  ||||line 169, col 16 to line 169, col 88 of module replicated: 5
@!@!@ENDMSG 2221 @!@!@
@!@!@STARTMSG 2221:0 @!@!@
  ||line 167, col 61 to line 167, col 83 of module replicated: 33
@!@!@ENDMSG 2221 @!@!@
@!@!@STARTMSG 2221:0 @!@!@
  |line 167, col 21 to line 167, col 43 of module replicated: 13
@!@!@ENDMSG 2221 @!@!@
@!@!@STARTMSG 2202:0 @!@!@
End of statistics.
@!@!@ENDMSG 2202 @!@!@
@!@!@STARTMSG 2200:0 @!@!@
Progress(4) at 2025-01-19 23:35:14: 69 states generated (1.538 s/min), 13 distinct states found (289 ds/min), 9 states left on queue.
@!@!@ENDMSG 2200 @!@!@
@!@!@STARTMSG 2199:0 @!@!@
69 states generated, 13 distinct states found, 9 states left on queue.
@!@!@ENDMSG 2199 @!@!@
@!@!@STARTMSG 2186:0 @!@!@
Finished in 2708ms at (2025-01-19 23:35:14)
@!@!@ENDMSG 2186 @!@!@
